#
# A fatal error has been detected by the Java Runtime Environment:
#
#  EXCEPTION_ACCESS_VIOLATION (0xc0000005) at pc=0x0000000069c7ed8d, pid=4604, tid=3240
#
# JRE version: Java(TM) SE Runtime Environment (8.0_91-b14) (build 1.8.0_91-b14)
# Java VM: Java HotSpot(TM) 64-Bit Server VM (25.91-b14 mixed mode windows-amd64 compressed oops)
# Problematic frame:
# C  [nvoglv64.DLL+0xe4ed8d]
#
# Failed to write core dump. Minidumps are not enabled by default on client versions of Windows
#
# If you would like to submit a bug report, please visit:
#   http://bugreport.java.com/bugreport/crash.jsp
# The crash happened outside the Java Virtual Machine in native code.
# See problematic frame for where to report the bug.
#

---------------  T H R E A D  ---------------

Current thread (0x000000000226d800):  JavaThread "main" [_thread_in_native, id=3240, stack(0x0000000002400000,0x0000000002500000)]

siginfo: ExceptionCode=0xc0000005, reading address 0x0000000000000000

Registers:
RAX=0x0000000000000030, RBX=0x0000000019870a80, RCX=0x000000001a6db934, RDX=0xffffffffe59246cc
RSP=0x00000000024ff238, RBP=0x0000000000000001, RSI=0x0000000000000006, RDI=0x000000001a6db934
R8 =0x0000000000000030, R9 =0x0000000000000006, R10=0x0000000000000000, R11=0x000000001a6db934
R12=0x0000000000000000, R13=0x0000000068e30000, R14=0x0000000000000001, R15=0x0000000019870800
RIP=0x0000000069c7ed8d, EFLAGS=0x0000000000010202

Top of Stack: (sp=0x00000000024ff238)
0x00000000024ff238:   000000006986c35c 0000000015ede580
0x00000000024ff248:   00000000024ff3b0 000000000226d3b0
0x00000000024ff258:   00000000697157eb 0000000000000000
0x00000000024ff268:   0000000000000000 0000000000000000
0x00000000024ff278:   000000000002010b 0000000019870800
0x00000000024ff288:   000000006986cf38 0000000019870080
0x00000000024ff298:   0000000000000006 0000000000000004
0x00000000024ff2a8:   00000000027e5b06 000000000226d800
0x00000000024ff2b8:   00000000024ff3b0 0000000015ede580
0x00000000024ff2c8:   0000000000000000 0000000015f2a920
0x00000000024ff2d8:   00000000027e5c74 0000000015ede580
0x00000000024ff2e8:   00000000024ff370 0000000015f2a920
0x00000000024ff2f8:   00000000027e59dd 0000000000000000
0x00000000024ff308:   0000000000000006 0000000015f2a920
0x00000000024ff318:   000000000226d800 00000000024ff428
0x00000000024ff328:   00000000027e59a2 00000000024ff330 

Instructions: (pc=0x0000000069c7ed8d)
0x0000000069c7ed6d:   ff c8 88 01 48 ff c1 f6 c1 02 74 0f 66 8b 04 0a
0x0000000069c7ed7d:   49 83 e8 02 66 89 01 48 83 c1 02 f6 c1 04 74 0d
0x0000000069c7ed8d:   8b 04 0a 49 83 e8 04 89 01 48 83 c1 04 4d 8b c8
0x0000000069c7ed9d:   49 c1 e9 05 0f 85 d9 01 00 00 4d 8b c8 49 c1 e9 


Register to memory mapping:

RAX=0x0000000000000030 is an unknown value
RBX=0x0000000019870a80 is an unknown value
RCX=0x000000001a6db934 is an unknown value
RDX=0xffffffffe59246cc is an unknown value
RSP=0x00000000024ff238 is pointing into the stack for thread: 0x000000000226d800
RBP=0x0000000000000001 is an unknown value
RSI=0x0000000000000006 is an unknown value
RDI=0x000000001a6db934 is an unknown value
R8 =0x0000000000000030 is an unknown value
R9 =0x0000000000000006 is an unknown value
R10=0x0000000000000000 is an unknown value
R11=0x000000001a6db934 is an unknown value
R12=0x0000000000000000 is an unknown value
R13=0x0000000068e30000 is an unknown value
R14=0x0000000000000001 is an unknown value
R15=0x0000000019870800 is an unknown value


Stack: [0x0000000002400000,0x0000000002500000],  sp=0x00000000024ff238,  free space=1020k
Native frames: (J=compiled Java code, j=interpreted, Vv=VM code, C=native code)
C  [nvoglv64.DLL+0xe4ed8d]
C  [nvoglv64.DLL+0xa3c35c]
C  [nvoglv64.DLL+0xa3cf38]
C  0x00000000027e5c74

Java frames: (J=compiled Java code, j=interpreted, Vv=VM code)
j  org.lwjgl.system.JNI.callV(JIII)V+0
j  org.lwjgl.opengl.GL11.glDrawArrays(III)V+11
j  client.Cubeo.render()V+45
j  client.Game.loop()V+66
j  client.Main.main([Ljava/lang/String;)V+13
v  ~StubRoutines::call_stub

---------------  P R O C E S S  ---------------

Java Threads: ( => current thread )
  0x0000000017f13000 JavaThread "Service Thread" daemon [_thread_blocked, id=3336, stack(0x00000000185b0000,0x00000000186b0000)]
  0x0000000017e82000 JavaThread "C1 CompilerThread2" daemon [_thread_blocked, id=580, stack(0x0000000017800000,0x0000000017900000)]
  0x0000000017e81000 JavaThread "C2 CompilerThread1" daemon [_thread_blocked, id=6520, stack(0x0000000018360000,0x0000000018460000)]
  0x0000000016455800 JavaThread "C2 CompilerThread0" daemon [_thread_blocked, id=1688, stack(0x0000000017d70000,0x0000000017e70000)]
  0x0000000016452000 JavaThread "Attach Listener" daemon [_thread_blocked, id=6736, stack(0x0000000017b90000,0x0000000017c90000)]
  0x0000000016450800 JavaThread "Signal Dispatcher" daemon [_thread_blocked, id=4548, stack(0x0000000017900000,0x0000000017a00000)]
  0x0000000016438800 JavaThread "Finalizer" daemon [_thread_blocked, id=4444, stack(0x00000000176c0000,0x00000000177c0000)]
  0x00000000163f1800 JavaThread "Reference Handler" daemon [_thread_blocked, id=6584, stack(0x0000000017560000,0x0000000017660000)]
=>0x000000000226d800 JavaThread "main" [_thread_in_native, id=3240, stack(0x0000000002400000,0x0000000002500000)]

Other Threads:
  0x00000000163ea000 VMThread [stack: 0x0000000017420000,0x0000000017520000] [id=6928]
  0x0000000017f18800 WatcherThread [stack: 0x00000000187a0000,0x00000000188a0000] [id=6864]

VM state:not at safepoint (normal execution)

VM Mutex/Monitor currently owned by a thread: None

Heap:
 PSYoungGen      total 28672K, used 11764K [0x00000000e0000000, 0x00000000e2000000, 0x0000000100000000)
  eden space 24576K, 47% used [0x00000000e0000000,0x00000000e0b7d368,0x00000000e1800000)
  from space 4096K, 0% used [0x00000000e1c00000,0x00000000e1c00000,0x00000000e2000000)
  to   space 4096K, 0% used [0x00000000e1800000,0x00000000e1800000,0x00000000e1c00000)
 ParOldGen       total 65536K, used 0K [0x00000000a0000000, 0x00000000a4000000, 0x00000000e0000000)
  object space 65536K, 0% used [0x00000000a0000000,0x00000000a0000000,0x00000000a4000000)
 Metaspace       used 7959K, capacity 8141K, committed 8448K, reserved 1056768K
  class space    used 652K, capacity 705K, committed 768K, reserved 1048576K

Card table byte_map: [0x0000000011b90000,0x0000000011ea0000] byte_map_base: 0x0000000011690000

Marking Bits: (ParMarkBitMap*) 0x0000000051ba2f70
 Begin Bits: [0x0000000012760000, 0x0000000013f60000)
 End Bits:   [0x0000000013f60000, 0x0000000015760000)

Polling page: 0x0000000000330000

CodeCache: size=245760Kb used=2328Kb max_used=2328Kb free=243431Kb
 bounds [0x00000000027d0000, 0x0000000002a40000, 0x00000000117d0000]
 total_blobs=1249 nmethods=479 adapters=684
 compilation: enabled

Compilation events (10 events):
Event: 0.844 Thread 0x0000000017e82000  475   !   3       java.util.zip.ZipFile$ZipFileInputStream::read (131 bytes)
Event: 0.844 Thread 0x0000000017e82000 nmethod 475 0x0000000002a14590 code [0x0000000002a14760, 0x0000000002a14fe8]
Event: 0.844 Thread 0x0000000017e82000  476   !   3       java.util.zip.Inflater::setInput (74 bytes)
Event: 0.845 Thread 0x0000000017e82000 nmethod 476 0x0000000002a13cd0 code [0x0000000002a13e60, 0x0000000002a14398]
Event: 0.850 Thread 0x0000000017e82000  477       3       java.net.URL::toString (5 bytes)
Event: 0.851 Thread 0x0000000017e82000 nmethod 477 0x0000000002a13790 code [0x0000000002a13900, 0x0000000002a13be8]
Event: 0.851 Thread 0x0000000017e82000  478       3       java.net.URL::toExternalForm (9 bytes)
Event: 0.851 Thread 0x0000000017e82000 nmethod 478 0x0000000002a13350 code [0x0000000002a134c0, 0x0000000002a136e8]
Event: 0.852 Thread 0x0000000017e82000  479   !   3       java.lang.ClassLoader::getPackage (118 bytes)
Event: 0.852 Thread 0x0000000017e82000 nmethod 479 0x0000000002a160d0 code [0x0000000002a162a0, 0x0000000002a16da8]

GC Heap History (0 events):
No events

Deoptimization events (0 events):
No events

Internal exceptions (8 events):
Event: 0.033 Thread 0x000000000226d800 Exception <a 'java/lang/NoSuchMethodError': Method sun.misc.Unsafe.defineClass(Ljava/lang/String;[BII)Ljava/lang/Class; name or signature does not match> (0x00000000e0007cc0) thrown at [C:\re\workspace\8-2-build-windows-amd64-cygwin\jdk8u91\6644\hotspot\sr|)±¨Ø ?
Event: 0.033 Thread 0x000000000226d800 Exception <a 'java/lang/NoSuchMethodError': Method sun.misc.Unsafe.prefetchRead(Ljava/lang/Object;J)V name or signature does not match> (0x00000000e0007fa8) thrown at [C:\re\workspace\8-2-build-windows-amd64-cygwin\jdk8u91\6644\hotspot\src\share\vm\prims\jº<¸2ªÈ?
Event: 0.193 Thread 0x000000000226d800 Exception <a 'java/lang/NoSuchFieldError': method resolution failed> (0x00000000e0268078) thrown at [C:\re\workspace\8-2-build-windows-amd64-cygwin\jdk8u91\6644\hotspot\src\share\vm\prims\methodHandles.cpp, line 1146]
Event: 0.195 Thread 0x000000000226d800 Exception <a 'java/lang/NoSuchFieldError': method resolution failed> (0x00000000e02757f8) thrown at [C:\re\workspace\8-2-build-windows-amd64-cygwin\jdk8u91\6644\hotspot\src\share\vm\prims\methodHandles.cpp, line 1146]
Event: 0.230 Thread 0x000000000226d800 Exception <a 'java/security/PrivilegedActionException'> (0x00000000e0317d10) thrown at [C:\re\workspace\8-2-build-windows-amd64-cygwin\jdk8u91\6644\hotspot\src\share\vm\prims\jvm.cpp, line 1386]
Event: 0.230 Thread 0x000000000226d800 Exception <a 'java/security/PrivilegedActionException'> (0x00000000e0317f20) thrown at [C:\re\workspace\8-2-build-windows-amd64-cygwin\jdk8u91\6644\hotspot\src\share\vm\prims\jvm.cpp, line 1386]
Event: 0.231 Thread 0x000000000226d800 Exception <a 'java/security/PrivilegedActionException'> (0x00000000e031bd68) thrown at [C:\re\workspace\8-2-build-windows-amd64-cygwin\jdk8u91\6644\hotspot\src\share\vm\prims\jvm.cpp, line 1386]
Event: 0.231 Thread 0x000000000226d800 Exception <a 'java/security/PrivilegedActionException'> (0x00000000e031bf78) thrown at [C:\re\workspace\8-2-build-windows-amd64-cygwin\jdk8u91\6644\hotspot\src\share\vm\prims\jvm.cpp, line 1386]

Events (10 events):
Event: 0.850 loading class org/lwjgl/opengl/NVVertexBufferUnifiedMemory
Event: 0.850 loading class org/lwjgl/opengl/NVVertexBufferUnifiedMemory done
Event: 0.851 loading class org/lwjgl/opengl/NVXConditionalRender
Event: 0.851 loading class org/lwjgl/opengl/NVXConditionalRender done
Event: 0.852 loading class client/Cubeo
Event: 0.852 loading class client/Cubeo done
Event: 0.853 loading class client/RenderableObject
Event: 0.853 loading class client/RenderableObject done
Event: 0.854 loading class org/lwjgl/opengl/GLChecks
Event: 0.854 loading class org/lwjgl/opengl/GLChecks done


Dynamic libraries:
0x000000013f200000 - 0x000000013f237000 	C:\Program Files\Java\jdk1.8.0_91\bin\javaw.exe
0x0000000076dc0000 - 0x0000000076f69000 	C:\Windows\SYSTEM32\ntdll.dll
0x0000000076ca0000 - 0x0000000076dbf000 	C:\Windows\system32\kernel32.dll
0x000007fefce60000 - 0x000007fefcecb000 	C:\Windows\system32\KERNELBASE.dll
0x000007fefd6e0000 - 0x000007fefd7bb000 	C:\Windows\system32\ADVAPI32.dll
0x000007fefd260000 - 0x000007fefd2ff000 	C:\Windows\system32\msvcrt.dll
0x000007fefdb30000 - 0x000007fefdb4f000 	C:\Windows\SYSTEM32\sechost.dll
0x000007fefe8e0000 - 0x000007fefea0d000 	C:\Windows\system32\RPCRT4.dll
0x0000000076ba0000 - 0x0000000076c9a000 	C:\Windows\system32\USER32.dll
0x000007fefd670000 - 0x000007fefd6d7000 	C:\Windows\system32\GDI32.dll
0x000007fefeac0000 - 0x000007fefeace000 	C:\Windows\system32\LPK.dll
0x000007fefd0f0000 - 0x000007fefd1b9000 	C:\Windows\system32\USP10.dll
0x000007fefb7f0000 - 0x000007fefb9e4000 	C:\Windows\WinSxS\amd64_microsoft.windows.common-controls_6595b64144ccf1df_6.0.7601.17514_none_fa396087175ac9ac\COMCTL32.dll
0x000007fefed80000 - 0x000007fefedf1000 	C:\Windows\system32\SHLWAPI.dll
0x000007fefea90000 - 0x000007fefeabe000 	C:\Windows\system32\IMM32.DLL
0x000007fefcfd0000 - 0x000007fefd0d9000 	C:\Windows\system32\MSCTF.dll
0x000000006be00000 - 0x000000006bed2000 	C:\Program Files\Java\jdk1.8.0_91\jre\bin\msvcr100.dll
0x0000000051390000 - 0x0000000051c23000 	C:\Program Files\Java\jdk1.8.0_91\jre\bin\server\jvm.dll
0x000007feeff10000 - 0x000007feeff19000 	C:\Windows\system32\WSOCK32.dll
0x000007fefdae0000 - 0x000007fefdb2d000 	C:\Windows\system32\WS2_32.dll
0x000007fefd0e0000 - 0x000007fefd0e8000 	C:\Windows\system32\NSI.dll
0x000007fefa850000 - 0x000007fefa88b000 	C:\Windows\system32\WINMM.dll
0x000007fefbce0000 - 0x000007fefbcec000 	C:\Windows\system32\VERSION.dll
0x0000000076f90000 - 0x0000000076f97000 	C:\Windows\system32\PSAPI.DLL
0x0000000071f50000 - 0x0000000071f5f000 	C:\Program Files\Java\jdk1.8.0_91\jre\bin\verify.dll
0x000000006e3a0000 - 0x000000006e3c9000 	C:\Program Files\Java\jdk1.8.0_91\jre\bin\java.dll
0x000000006e490000 - 0x000000006e4a6000 	C:\Program Files\Java\jdk1.8.0_91\jre\bin\zip.dll
0x000007fefdb50000 - 0x000007fefe8d8000 	C:\Windows\system32\SHELL32.dll
0x000007fefd300000 - 0x000007fefd503000 	C:\Windows\system32\ole32.dll
0x000007fefcba0000 - 0x000007fefcbaf000 	C:\Windows\system32\profapi.dll
0x000007fee9db0000 - 0x000007fee9e7e000 	C:\Users\MAX\git\lwjgltemplate\lwjgltemplate\lwjgl\native\lwjgl.dll
0x000007feec7d0000 - 0x000007feec7d3000 	C:\Windows\system32\api-ms-win-core-synch-l1-2-0.DLL
0x000007fee9b10000 - 0x000007fee9b4c000 	C:\Users\MAX\git\lwjgltemplate\lwjgltemplate\lwjgl\native\glfw.dll
0x000007feec790000 - 0x000007feec7cc000 	C:\Windows\system32\dinput8.dll
0x00000000021e0000 - 0x00000000021fe000 	C:\Windows\system32\xinput1_3.dll
0x000007fefd8a0000 - 0x000007fefda77000 	C:\Windows\system32\SETUPAPI.dll
0x000007fefcc70000 - 0x000007fefcca6000 	C:\Windows\system32\CFGMGR32.dll
0x000007fefd7c0000 - 0x000007fefd897000 	C:\Windows\system32\OLEAUT32.dll
0x000007fefcfa0000 - 0x000007fefcfba000 	C:\Windows\system32\DEVOBJ.dll
0x000007fefb1e0000 - 0x000007fefb1f8000 	C:\Windows\system32\dwmapi.dll
0x000007fee3f30000 - 0x000007fee404d000 	C:\Windows\system32\opengl32.dll
0x000007feec760000 - 0x000007feec78d000 	C:\Windows\system32\GLU32.dll
0x000007fee66d0000 - 0x000007fee67c1000 	C:\Windows\system32\DDRAW.dll
0x000007fef9920000 - 0x000007fef9928000 	C:\Windows\system32\DCIMAN32.dll
0x000007fefb250000 - 0x000007fefb25b000 	C:\Windows\system32\HID.DLL
0x000007fefccb0000 - 0x000007fefccea000 	C:\Windows\system32\WINTRUST.dll
0x000007fefccf0000 - 0x000007fefce5c000 	C:\Windows\system32\CRYPT32.dll
0x000007fefcc40000 - 0x000007fefcc4f000 	C:\Windows\system32\MSASN1.dll
0x0000000068e30000 - 0x000000006a3a6000 	C:\Windows\system32\nvoglv64.DLL
0x000007fefbe70000 - 0x000007fefbe81000 	C:\Windows\system32\WTSAPI32.dll
0x000007fefa940000 - 0x000007fefa96d000 	C:\Windows\system32\ntmarta.dll
0x000007fefda80000 - 0x000007fefdad2000 	C:\Windows\system32\WLDAP32.dll
0x000007fefcb40000 - 0x000007fefcb7d000 	C:\Windows\system32\WINSTA.dll
0x000007fefca90000 - 0x000007fefca9f000 	C:\Windows\system32\CRYPTBASE.dll
0x000007fef1090000 - 0x000007fef11b5000 	C:\Windows\system32\dbghelp.dll

VM Arguments:
jvm_args: -Djava.library.path=lwjgl/native -Dfile.encoding=Cp1252 
java_command: client.Main
java_class_path (initial): C:\Users\MAX\git\lwjgltemplate\lwjgltemplate\bin;C:\Users\MAX\git\lwjgltemplate\lwjgltemplate\lwjgl\jar\lwjgl.jar
Launcher Type: SUN_STANDARD

Environment Variables:
PATH=C:/Program Files/Java/jdk1.7.0_79/jre/bin/server;C:/Program Files/Java/jdk1.7.0_79/jre/bin;C:/Program Files/Java/jdk1.7.0_79/jre/lib/amd64;C:\ProgramData\Oracle\Java\javapath;C:\Windows\system32;C:\Windows;C:\Windows\System32\Wbem;C:\Windows\System32\WindowsPowerShell\v1.0\;C:\Program Files (x86)\NVIDIA Corporation\PhysX\Common;C:\Program Files (x86)\Skype\Phone\;C:\Program Files (x86)\Windows Kits\8.1\Windows Performance Toolkit\;C:\PROGRA~2\ThriXXX\3D SexVilla;C:\Program Files (x86)\GtkSharp\2.12\bin;C:/Program Files/Java/jdk1.7.0_79/bin;C:\Users\MAX\Desktop;
USERNAME=MAX
OS=Windows_NT
PROCESSOR_IDENTIFIER=AMD64 Family 16 Model 5 Stepping 2, AuthenticAMD



---------------  S Y S T E M  ---------------

OS: Windows 7 , 64 bit Build 7601 (6.1.7601.18229)

CPU:total 4 (4 cores per cpu, 1 threads per core) family 16 model 5 stepping 2, cmov, cx8, fxsr, mmx, sse, sse2, sse3, popcnt, mmxext, 3dnowpref, lzcnt, sse4a, tsc, tscinvbit, tscinv

Memory: 4k page, physical 6290680k(2127472k free), swap 12579496k(7336112k free)

vm_info: Java HotSpot(TM) 64-Bit Server VM (25.91-b14) for windows-amd64 JRE (1.8.0_91-b14), built on Apr  1 2016 00:58:32 by "java_re" with MS VC++ 10.0 (VS2010)

time: Wed May 25 12:23:42 2016
elapsed time: 0 seconds (0d 0h 0m 0s)

